<?xml version="1.0" encoding="utf-8" standalone="no"?>
<test-run id="2" testcasecount="9" result="Passed" total="9" passed="9" failed="0" inconclusive="0" skipped="0" asserts="0" engine-version="3.6.1.0" clr-version="4.0.30319.42000" start-time="2017-06-12 20:13:59Z" end-time="2017-06-12 20:14:10Z" duration="10.573869">
  <command-line><![CDATA["C:\Users\dupdo\Documents\GitHub\NFluent\.build\..\packages\NUnit.ConsoleRunner.3.6.1\tools\nunit3-console.exe" C:\Users\dupdo\Documents\GitHub\NFluent\.build\..\tests\NFluent.45.Tests.Extensions\bin\Release\NFluent.Tests.Extensions.dll -result=C:\Users\dupdo\Documents\GitHub\NFluent\.build\..\results.xml -framework:net-4.5"]]></command-line>
  <test-suite type="Assembly" id="0-1012" name="NFluent.Tests.Extensions.dll" fullname="C:\Users\dupdo\Documents\GitHub\NFluent\tests\NFluent.45.Tests.Extensions\bin\Release\NFluent.Tests.Extensions.dll" runstate="Runnable" testcasecount="9" result="Passed" start-time="2017-06-12 20:14:08Z" end-time="2017-06-12 20:14:10Z" duration="1.169873" total="9" passed="9" failed="0" warnings="0" inconclusive="0" skipped="0" asserts="0">
    <environment framework-version="3.7.1.0" clr-version="4.0.30319.42000" os-version="Microsoft Windows NT 10.0.15063.0" platform="Win32NT" cwd="C:\Users\dupdo\Documents\GitHub\NFluent\.build" machine-name="DESKTOP-0O6EJR5" user="dupdo" user-domain="DESKTOP-0O6EJR5" culture="fr-FR" uiculture="fr-FR" os-architecture="x64" />
    <settings>
      <setting name="RuntimeFramework" value="net-4.5" />
      <setting name="DisposeRunners" value="True" />
      <setting name="WorkDirectory" value="C:\Users\dupdo\Documents\GitHub\NFluent\.build" />
      <setting name="ImageRuntimeVersion" value="4.0.30319" />
      <setting name="ImageTargetFrameworkName" value=".NETFramework,Version=v4.5" />
      <setting name="ImageRequiresX86" value="False" />
      <setting name="ImageRequiresDefaultAppDomainAssemblyResolver" value="False" />
      <setting name="NumberOfTestWorkers" value="4" />
    </settings>
    <properties>
      <property name="_PID" value="29988" />
      <property name="_APPDOMAIN" value="domain-" />
    </properties>
    <test-suite type="TestSuite" id="0-1013" name="NFluent" fullname="NFluent" runstate="Runnable" testcasecount="9" result="Passed" start-time="2017-06-12 20:14:09Z" end-time="2017-06-12 20:14:10Z" duration="1.095663" total="9" passed="9" failed="0" warnings="0" inconclusive="0" skipped="0" asserts="0">
      <test-suite type="TestSuite" id="0-1014" name="Tests" fullname="NFluent.Tests" runstate="Runnable" testcasecount="9" result="Passed" start-time="2017-06-12 20:14:09Z" end-time="2017-06-12 20:14:10Z" duration="1.089908" total="9" passed="9" failed="0" warnings="0" inconclusive="0" skipped="0" asserts="0">
        <test-suite type="TestSuite" id="0-1015" name="Extensions" fullname="NFluent.Tests.Extensions" runstate="Runnable" testcasecount="6" result="Passed" start-time="2017-06-12 20:14:09Z" end-time="2017-06-12 20:14:09Z" duration="0.582939" total="6" passed="6" failed="0" warnings="0" inconclusive="0" skipped="0" asserts="0">
          <test-suite type="TestFixture" id="0-1004" name="ExtensionSpikeTests" fullname="NFluent.Tests.Extensions.ExtensionSpikeTests" classname="NFluent.Tests.Extensions.ExtensionSpikeTests" runstate="Runnable" testcasecount="4" result="Passed" start-time="2017-06-12 20:14:09Z" end-time="2017-06-12 20:14:09Z" duration="0.532740" total="4" passed="4" failed="0" warnings="0" inconclusive="0" skipped="0" asserts="0">
            <test-case id="0-1008" name="CanLoadExtensionsFromAnotherAssembly" fullname="NFluent.Tests.Extensions.ExtensionSpikeTests.CanLoadExtensionsFromAnotherAssembly" methodname="CanLoadExtensionsFromAnotherAssembly" classname="NFluent.Tests.Extensions.ExtensionSpikeTests" runstate="Runnable" seed="1901060650" result="Passed" start-time="2017-06-12 20:14:09Z" end-time="2017-06-12 20:14:09Z" duration="0.278588" asserts="0" />
            <test-case id="0-1005" name="CanUseVariousExtensions" fullname="NFluent.Tests.Extensions.ExtensionSpikeTests.CanUseVariousExtensions" methodname="CanUseVariousExtensions" classname="NFluent.Tests.Extensions.ExtensionSpikeTests" runstate="Runnable" seed="215485272" result="Passed" start-time="2017-06-12 20:14:09Z" end-time="2017-06-12 20:14:09Z" duration="0.121211" asserts="0" />
            <test-case id="0-1007" name="CheckWorksWithDecimal" fullname="NFluent.Tests.Extensions.ExtensionSpikeTests.CheckWorksWithDecimal" methodname="CheckWorksWithDecimal" classname="NFluent.Tests.Extensions.ExtensionSpikeTests" runstate="Runnable" seed="731071187" result="Passed" start-time="2017-06-12 20:14:09Z" end-time="2017-06-12 20:14:09Z" duration="0.039191" asserts="0" />
            <test-case id="0-1006" name="WorksWhenSutIsADerivedTypeOfTheInterfaceReferencedAsTheTypeParameterOfTheFluentAssertion" fullname="NFluent.Tests.Extensions.ExtensionSpikeTests.WorksWhenSutIsADerivedTypeOfTheInterfaceReferencedAsTheTypeParameterOfTheFluentAssertion" methodname="WorksWhenSutIsADerivedTypeOfTheInterfaceReferencedAsTheTypeParameterOfTheFluentAssertion" classname="NFluent.Tests.Extensions.ExtensionSpikeTests" runstate="Runnable" seed="636294616" result="Passed" start-time="2017-06-12 20:14:09Z" end-time="2017-06-12 20:14:09Z" duration="0.003170" asserts="0" />
          </test-suite>
          <test-suite type="TestFixture" id="0-1009" name="LinkableExtensionsTests" fullname="NFluent.Tests.Extensions.LinkableExtensionsTests" classname="NFluent.Tests.Extensions.LinkableExtensionsTests" runstate="Runnable" testcasecount="2" result="Passed" start-time="2017-06-12 20:14:09Z" end-time="2017-06-12 20:14:09Z" duration="0.041942" total="2" passed="2" failed="0" warnings="0" inconclusive="0" skipped="0" asserts="0">
            <test-case id="0-1010" name="CanChainMyChecks" fullname="NFluent.Tests.Extensions.LinkableExtensionsTests.CanChainMyChecks" methodname="CanChainMyChecks" classname="NFluent.Tests.Extensions.LinkableExtensionsTests" runstate="Runnable" seed="1826093365" result="Passed" start-time="2017-06-12 20:14:09Z" end-time="2017-06-12 20:14:09Z" duration="0.004635" asserts="0" />
            <test-case id="0-1011" name="CanChainMyStructChecks" fullname="NFluent.Tests.Extensions.LinkableExtensionsTests.CanChainMyStructChecks" methodname="CanChainMyStructChecks" classname="NFluent.Tests.Extensions.LinkableExtensionsTests" runstate="Runnable" seed="683123697" result="Passed" start-time="2017-06-12 20:14:09Z" end-time="2017-06-12 20:14:09Z" duration="0.026829" asserts="0" />
          </test-suite>
        </test-suite>
        <test-suite type="TestFixture" id="0-1000" name="ReadmeRelatedTests" fullname="NFluent.Tests.ReadmeRelatedTests" classname="NFluent.Tests.ReadmeRelatedTests" runstate="Runnable" testcasecount="3" result="Passed" start-time="2017-06-12 20:14:09Z" end-time="2017-06-12 20:14:10Z" duration="0.493187" total="3" passed="3" failed="0" warnings="0" inconclusive="0" skipped="0" asserts="0">
          <test-case id="0-1001" name="CodeSnippetForReadmeMarkdownFile" fullname="NFluent.Tests.ReadmeRelatedTests.CodeSnippetForReadmeMarkdownFile" methodname="CodeSnippetForReadmeMarkdownFile" classname="NFluent.Tests.ReadmeRelatedTests" runstate="Runnable" seed="1303156228" result="Passed" start-time="2017-06-12 20:14:09Z" end-time="2017-06-12 20:14:09Z" duration="0.183450" asserts="0" />
          <test-case id="0-1003" name="PlayingWithLambda" fullname="NFluent.Tests.ReadmeRelatedTests.PlayingWithLambda" methodname="PlayingWithLambda" classname="NFluent.Tests.ReadmeRelatedTests" runstate="Runnable" seed="1708410319" result="Passed" start-time="2017-06-12 20:14:09Z" end-time="2017-06-12 20:14:10Z" duration="0.268091" asserts="0" />
          <test-case id="0-1002" name="PlayingWithProperties" fullname="NFluent.Tests.ReadmeRelatedTests.PlayingWithProperties" methodname="PlayingWithProperties" classname="NFluent.Tests.ReadmeRelatedTests" runstate="Runnable" seed="1013847067" result="Passed" start-time="2017-06-12 20:14:10Z" end-time="2017-06-12 20:14:10Z" duration="0.027229" asserts="0" />
        </test-suite>
      </test-suite>
    </test-suite>
  </test-suite>
</test-run>